Determining if the pthread_create exist failed with the following output:
Change Dir: /home/icl/chenxin/dlib/tools/python/build/CMakeFiles/CMakeTmp

Run Build Command:"/usr/bin/make" "cmTC_4208f/fast"
/usr/bin/make -f CMakeFiles/cmTC_4208f.dir/build.make CMakeFiles/cmTC_4208f.dir/build
make[1]: Entering directory '/home/icl/chenxin/dlib/tools/python/build/CMakeFiles/CMakeTmp'
Building C object CMakeFiles/cmTC_4208f.dir/CheckSymbolExists.c.o
/usr/bin/cc    -fPIE   -o CMakeFiles/cmTC_4208f.dir/CheckSymbolExists.c.o   -c /home/icl/chenxin/dlib/tools/python/build/CMakeFiles/CMakeTmp/CheckSymbolExists.c
Linking C executable cmTC_4208f
/usr/bin/cmake -E cmake_link_script CMakeFiles/cmTC_4208f.dir/link.txt --verbose=1
/usr/bin/cc       CMakeFiles/cmTC_4208f.dir/CheckSymbolExists.c.o  -o cmTC_4208f -rdynamic 
CMakeFiles/cmTC_4208f.dir/CheckSymbolExists.c.o: In function `main':
CheckSymbolExists.c:(.text+0x1b): undefined reference to `pthread_create'
collect2: error: ld returned 1 exit status
CMakeFiles/cmTC_4208f.dir/build.make:97: recipe for target 'cmTC_4208f' failed
make[1]: *** [cmTC_4208f] Error 1
make[1]: Leaving directory '/home/icl/chenxin/dlib/tools/python/build/CMakeFiles/CMakeTmp'
Makefile:126: recipe for target 'cmTC_4208f/fast' failed
make: *** [cmTC_4208f/fast] Error 2

File /home/icl/chenxin/dlib/tools/python/build/CMakeFiles/CMakeTmp/CheckSymbolExists.c:
/* */
#include <pthread.h>

int main(int argc, char** argv)
{
  (void)argv;
#ifndef pthread_create
  return ((int*)(&pthread_create))[argc];
#else
  (void)argc;
  return 0;
#endif
}

Determining if the function pthread_create exists in the pthreads failed with the following output:
Change Dir: /home/icl/chenxin/dlib/tools/python/build/CMakeFiles/CMakeTmp

Run Build Command:"/usr/bin/make" "cmTC_4a3fb/fast"
/usr/bin/make -f CMakeFiles/cmTC_4a3fb.dir/build.make CMakeFiles/cmTC_4a3fb.dir/build
make[1]: Entering directory '/home/icl/chenxin/dlib/tools/python/build/CMakeFiles/CMakeTmp'
Building C object CMakeFiles/cmTC_4a3fb.dir/CheckFunctionExists.c.o
/usr/bin/cc    -DCHECK_FUNCTION_EXISTS=pthread_create -fPIE   -o CMakeFiles/cmTC_4a3fb.dir/CheckFunctionExists.c.o   -c /usr/share/cmake-3.5/Modules/CheckFunctionExists.c
Linking C executable cmTC_4a3fb
/usr/bin/cmake -E cmake_link_script CMakeFiles/cmTC_4a3fb.dir/link.txt --verbose=1
/usr/bin/cc   -DCHECK_FUNCTION_EXISTS=pthread_create    CMakeFiles/cmTC_4a3fb.dir/CheckFunctionExists.c.o  -o cmTC_4a3fb -rdynamic -lpthreads 
/usr/bin/ld: cannot find -lpthreads
collect2: error: ld returned 1 exit status
CMakeFiles/cmTC_4a3fb.dir/build.make:97: recipe for target 'cmTC_4a3fb' failed
make[1]: *** [cmTC_4a3fb] Error 1
make[1]: Leaving directory '/home/icl/chenxin/dlib/tools/python/build/CMakeFiles/CMakeTmp'
Makefile:126: recipe for target 'cmTC_4a3fb/fast' failed
make: *** [cmTC_4a3fb/fast] Error 2


